# JRE version: OpenJDK Runtime Environment Corretto-17.0.10.7.1 (17.0.10+7) (build 17.0.10+7-LTS)
# Java VM: OpenJDK 64-Bit Server VM Corretto-17.0.10.7.1 (17.0.10+7-LTS, mixed mode, sharing, tiered, compressed oops, compressed class ptrs, g1 gc, windows-amd64)
GC Precious Log:
 CPUs: 4 total, 4 available
 Memory: 8144M
 Large Page Support: Disabled
 NUMA Support: Disabled
 Compressed Oops: Enabled (32-bit)
 Heap Region Size: 1M
 Heap Min Capacity: 256M
 Heap Initial Capacity: 256M
 Heap Max Capacity: 512M
 Pre-touch: Disabled
 Parallel Workers: 4
 Concurrent Workers: 1
 Concurrent Refinement Workers: 4
 Periodic GC: Disabled
Heap:
 garbage-first heap   total 317440K, used 208412K [0x00000000e0000000, 0x0000000100000000)
  region size 1024K, 96 young (98304K), 5 survivors (5120K)
 Metaspace       used 72992K, committed 73792K, reserved 393216K
  class space    used 9342K, committed 9728K, reserved 327680K
GC Heap History (20 events):
Event: 4154.813 GC heap before
{Heap before GC invocations=59 (full 0):
 garbage-first heap   total 362496K, used 290527K [0x00000000e0000000, 0x0000000100000000)
  region size 1024K, 209 young (214016K), 2 survivors (2048K)
 Metaspace       used 70744K, committed 72256K, reserved 393216K
  class space    used 9114K, committed 9664K, reserved 327680K
}
Event: 4154.833 GC heap after
{Heap after GC invocations=60 (full 0):
 garbage-first heap   total 362496K, used 89693K [0x00000000e0000000, 0x0000000100000000)
  region size 1024K, 12 young (12288K), 12 survivors (12288K)
 Metaspace       used 70744K, committed 72256K, reserved 393216K
  class space    used 9114K, committed 9664K, reserved 327680K
}
Event: 6670.501 GC heap before
{Heap before GC invocations=61 (full 0):
 garbage-first heap   total 352256K, used 291421K [0x00000000e0000000, 0x0000000100000000)
  region size 1024K, 210 young (215040K), 12 survivors (12288K)
 Metaspace       used 70780K, committed 72256K, reserved 393216K
  class space    used 9101K, committed 9664K, reserved 327680K
}
Event: 6670.565 GC heap after
{Heap after GC invocations=62 (full 0):
 garbage-first heap   total 352256K, used 87993K [0x00000000e0000000, 0x0000000100000000)
  region size 1024K, 10 young (10240K), 10 survivors (10240K)
 Metaspace       used 70780K, committed 72256K, reserved 393216K
  class space    used 9101K, committed 9664K, reserved 327680K
}
Event: 6741.522 GC heap before
{Heap before GC invocations=62 (full 0):
 garbage-first heap   total 352256K, used 95161K [0x00000000e0000000, 0x0000000100000000)
  region size 1024K, 17 young (17408K), 10 survivors (10240K)
 Metaspace       used 70796K, committed 72256K, reserved 393216K
  class space    used 9102K, committed 9664K, reserved 327680K
}
Event: 6741.663 GC heap after
{Heap after GC invocations=63 (full 0):
 garbage-first heap   total 352256K, used 84697K [0x00000000e0000000, 0x0000000100000000)
  region size 1024K, 3 young (3072K), 3 survivors (3072K)
 Metaspace       used 70796K, committed 72256K, reserved 393216K
  class space    used 9102K, committed 9664K, reserved 327680K
}
Event: 6913.681 GC heap before
{Heap before GC invocations=63 (full 0):
 garbage-first heap   total 352256K, used 286425K [0x00000000e0000000, 0x0000000100000000)
  region size 1024K, 201 young (205824K), 3 survivors (3072K)
 Metaspace       used 70848K, committed 72256K, reserved 393216K
  class space    used 9105K, committed 9664K, reserved 327680K
}
Event: 6913.701 GC heap after
{Heap after GC invocations=64 (full 0):
 garbage-first heap   total 352256K, used 92594K [0x00000000e0000000, 0x0000000100000000)
  region size 1024K, 11 young (11264K), 11 survivors (11264K)
 Metaspace       used 70848K, committed 72256K, reserved 393216K
  class space    used 9105K, committed 9664K, reserved 327680K
}
Event: 7236.338 GC heap before
{Heap before GC invocations=65 (full 0):
 garbage-first heap   total 317440K, used 285106K [0x00000000e0000000, 0x0000000100000000)
  region size 1024K, 201 young (205824K), 11 survivors (11264K)
 Metaspace       used 70946K, committed 72256K, reserved 393216K
  class space    used 9116K, committed 9664K, reserved 327680K
}
Event: 7236.381 GC heap after
{Heap after GC invocations=66 (full 0):
 garbage-first heap   total 317440K, used 95326K [0x00000000e0000000, 0x0000000100000000)
  region size 1024K, 14 young (14336K), 14 survivors (14336K)
 Metaspace       used 70946K, committed 72256K, reserved 393216K
  class space    used 9116K, committed 9664K, reserved 327680K
}
Event: 7236.385 GC heap before
{Heap before GC invocations=66 (full 0):
 garbage-first heap   total 317440K, used 96350K [0x00000000e0000000, 0x0000000100000000)
  region size 1024K, 15 young (15360K), 14 survivors (14336K)
 Metaspace       used 70946K, committed 72256K, reserved 393216K
  class space    used 9116K, committed 9664K, reserved 327680K
}
Event: 7236.468 GC heap after
{Heap after GC invocations=67 (full 0):
 garbage-first heap   total 317440K, used 85833K [0x00000000e0000000, 0x0000000100000000)
  region size 1024K, 2 young (2048K), 2 survivors (2048K)
 Metaspace       used 70946K, committed 72256K, reserved 393216K
  class space    used 9116K, committed 9664K, reserved 327680K
}
Event: 7237.166 GC heap before
{Heap before GC invocations=67 (full 0):
 garbage-first heap   total 317440K, used 142153K [0x00000000e0000000, 0x0000000100000000)
  region size 1024K, 58 young (59392K), 2 survivors (2048K)
 Metaspace       used 70959K, committed 72256K, reserved 393216K
  class space    used 9116K, committed 9664K, reserved 327680K
}
Event: 7237.173 GC heap after
{Heap after GC invocations=68 (full 0):
 garbage-first heap   total 317440K, used 93105K [0x00000000e0000000, 0x0000000100000000)
  region size 1024K, 9 young (9216K), 9 survivors (9216K)
 Metaspace       used 70959K, committed 72256K, reserved 393216K
  class space    used 9116K, committed 9664K, reserved 327680K
}
Event: 7239.344 GC heap before
{Heap before GC invocations=69 (full 0):
 garbage-first heap   total 317440K, used 251825K [0x00000000e0000000, 0x0000000100000000)
  region size 1024K, 163 young (166912K), 9 survivors (9216K)
 Metaspace       used 72751K, committed 73472K, reserved 393216K
  class space    used 9327K, committed 9664K, reserved 327680K
}
Event: 7239.374 GC heap after
{Heap after GC invocations=70 (full 0):
 garbage-first heap   total 317440K, used 115859K [0x00000000e0000000, 0x0000000100000000)
  region size 1024K, 21 young (21504K), 21 survivors (21504K)
 Metaspace       used 72751K, committed 73472K, reserved 393216K
  class space    used 9327K, committed 9664K, reserved 327680K
}
Event: 7239.381 GC heap before
{Heap before GC invocations=70 (full 0):
 garbage-first heap   total 317440K, used 116883K [0x00000000e0000000, 0x0000000100000000)
  region size 1024K, 22 young (22528K), 21 survivors (21504K)
 Metaspace       used 72761K, committed 73472K, reserved 393216K
  class space    used 9329K, committed 9664K, reserved 327680K
}
Event: 7239.399 GC heap after
{Heap after GC invocations=71 (full 0):
 garbage-first heap   total 317440K, used 113670K [0x00000000e0000000, 0x0000000100000000)
  region size 1024K, 2 young (2048K), 2 survivors (2048K)
 Metaspace       used 72761K, committed 73472K, reserved 393216K
  class space    used 9329K, committed 9664K, reserved 327680K
}
Event: 7259.672 GC heap before
{Heap before GC invocations=71 (full 0):
 garbage-first heap   total 317440K, used 244742K [0x00000000e0000000, 0x0000000100000000)
  region size 1024K, 131 young (134144K), 2 survivors (2048K)
 Metaspace       used 72986K, committed 73792K, reserved 393216K
  class space    used 9342K, committed 9728K, reserved 327680K
}
Event: 7259.682 GC heap after
{Heap after GC invocations=72 (full 0):
 garbage-first heap   total 317440K, used 116252K [0x00000000e0000000, 0x0000000100000000)
  region size 1024K, 5 young (5120K), 5 survivors (5120K)
 Metaspace       used 72986K, committed 73792K, reserved 393216K
  class space    used 9342K, committed 9728K, reserved 327680K
}

